<?xml version="1.0" encoding="UTF-8"?>
<testng-results ignored="3" total="4" passed="1" failed="0" skipped="0">
  <reporter-output>
  </reporter-output>
  <suite started-at="2022-10-01T17:23:09 IST" name="Default suite" finished-at="2022-10-01T17:23:26 IST" duration-ms="16467">
    <groups>
    </groups>
    <test started-at="2022-10-01T17:23:09 IST" name="Default test" finished-at="2022-10-01T17:23:26 IST" duration-ms="16467">
      <class name="com.test.RegisterTest">
        <test-method is-config="true" signature="beforeClass()[pri:0, instance:com.test.RegisterTest@316bcf94]" started-at="2022-10-01T17:23:09 IST" name="beforeClass" finished-at="2022-10-01T17:23:14 IST" duration-ms="4479" status="PASS">
          <reporter-output>
          </reporter-output>
        </test-method> <!-- beforeClass -->
        <test-method is-config="true" signature="beforeMethod()[pri:0, instance:com.test.RegisterTest@316bcf94]" started-at="2022-10-01T17:23:14 IST" name="beforeMethod" finished-at="2022-10-01T17:23:14 IST" duration-ms="8" status="PASS">
          <reporter-output>
          </reporter-output>
        </test-method> <!-- beforeMethod -->
        <test-method signature="login()[pri:2, instance:com.test.RegisterTest@316bcf94]" started-at="2022-10-01T17:23:14 IST" name="login" finished-at="2022-10-01T17:23:26 IST" duration-ms="11883" status="PASS">
          <reporter-output>
          </reporter-output>
        </test-method> <!-- login -->
        <test-method is-config="true" signature="afterMethod()[pri:0, instance:com.test.RegisterTest@316bcf94]" started-at="2022-10-01T17:23:26 IST" name="afterMethod" finished-at="2022-10-01T17:23:26 IST" duration-ms="1" status="PASS">
          <reporter-output>
          </reporter-output>
        </test-method> <!-- afterMethod -->
        <test-method is-config="true" signature="afterClass()[pri:0, instance:com.test.RegisterTest@316bcf94]" started-at="2022-10-01T17:23:26 IST" name="afterClass" finished-at="2022-10-01T17:23:26 IST" duration-ms="1" status="PASS">
          <reporter-output>
          </reporter-output>
        </test-method> <!-- afterClass -->
      </class> <!-- com.test.RegisterTest -->
    </test> <!-- Default test -->
  </suite> <!-- Default suite -->
</testng-results>
