<?xml version="1.0" encoding="UTF-8"?>
<!-- Generated by org.testng.reporters.JUnitXMLReporter -->
<testsuite ignored="3" hostname="NR-PC" failures="0" tests="1" name="Default test" time="16.467" errors="0" timestamp="2022-10-01T17:23:26 IST">
  <testcase classname="com.test.RegisterTest" name="login" time="11.883"/>
  <testcase classname="com.test.RegisterTest" name="search" time="0.0">
    <ignored/>
  </testcase> <!-- search -->
  <testcase classname="com.test.RegisterTest" name="addToCart" time="0.0">
    <ignored/>
  </testcase> <!-- addToCart -->
  <testcase classname="com.test.RegisterTest" name="register" time="0.0">
    <ignored/>
  </testcase> <!-- register -->
</testsuite> <!-- Default test -->
