<?xml version="1.0" encoding="UTF-8"?>
<!-- Generated by org.testng.reporters.JUnitXMLReporter -->
<testsuite hostname="DESKTOP-5NHSIJ0" ignored="0" name="Default test" tests="4" failures="0" timestamp="2022-10-18T22:16:37 IST" time="298.521" errors="0">
  <testcase name="LaunchChrome" time="2.014" classname="testng.parallel.ParallelTestMethods"/>
  <testcase name="executSessionOne" time="98.725" classname="testng.parallel.ParallelTestMethods"/>
  <testcase name="executSessionThree" time="118.479" classname="testng.parallel.ParallelTestMethods"/>
  <testcase name="executSessionTwo" time="79.244" classname="testng.parallel.ParallelTestMethods"/>
</testsuite> <!-- Default test -->
